c:\users\birb\source\repos\conquerorsdungeon\conquerorsdungeon\x64\release\vc142.pdb
c:\users\birb\source\repos\conquerorsdungeon\conquerorsdungeon\x64\release\fireball.obj
c:\users\birb\source\repos\conquerorsdungeon\conquerorsdungeon\x64\release\fire.obj
c:\users\birb\source\repos\conquerorsdungeon\conquerorsdungeon\x64\release\entity.obj
c:\users\birb\source\repos\conquerorsdungeon\conquerorsdungeon\x64\release\enemyfireball.obj
c:\users\birb\source\repos\conquerorsdungeon\conquerorsdungeon\x64\release\enemy.obj
c:\users\birb\source\repos\conquerorsdungeon\conquerorsdungeon\x64\release\dragon.obj
c:\users\birb\source\repos\conquerorsdungeon\conquerorsdungeon\x64\release\door.obj
c:\users\birb\source\repos\conquerorsdungeon\conquerorsdungeon\x64\release\demon.obj
c:\users\birb\source\repos\conquerorsdungeon\conquerorsdungeon\x64\release\deftoken.obj
c:\users\birb\source\repos\conquerorsdungeon\conquerorsdungeon\x64\release\deadsoul.obj
c:\users\birb\source\repos\conquerorsdungeon\conquerorsdungeon\x64\release\config.obj
c:\users\birb\source\repos\conquerorsdungeon\conquerorsdungeon\x64\release\chest.obj
c:\users\birb\source\repos\conquerorsdungeon\conquerorsdungeon\x64\release\character.obj
c:\users\birb\source\repos\conquerorsdungeon\conquerorsdungeon\x64\release\bar.obj
c:\users\birb\source\repos\conquerorsdungeon\conquerorsdungeon\x64\release\atktoken.obj
c:\users\birb\source\repos\conquerorsdungeon\conquerorsdungeon\x64\release\atkgem.obj
c:\users\birb\source\repos\conquerorsdungeon\conquerorsdungeon\x64\release\arrow.obj
c:\users\birb\source\repos\conquerorsdungeon\conquerorsdungeon\x64\release\archer.obj
c:\users\birb\source\repos\conquerorsdungeon\conquerorsdungeon\x64\release\actor.obj
c:\users\birb\source\repos\conquerorsdungeon\conquerorsdungeon\x64\release\mainmenu.obj
c:\users\birb\source\repos\conquerorsdungeon\conquerorsdungeon\x64\release\leveltwo.obj
c:\users\birb\source\repos\conquerorsdungeon\conquerorsdungeon\x64\release\levelthree.obj
c:\users\birb\source\repos\conquerorsdungeon\conquerorsdungeon\x64\release\levelone.obj
c:\users\birb\source\repos\conquerorsdungeon\conquerorsdungeon\x64\release\levelmid1.obj
c:\users\birb\source\repos\conquerorsdungeon\conquerorsdungeon\x64\release\levelfour.obj
c:\users\birb\source\repos\conquerorsdungeon\conquerorsdungeon\x64\release\levelfive.obj
c:\users\birb\source\repos\conquerorsdungeon\conquerorsdungeon\x64\release\classchoose.obj
c:\users\birb\source\repos\conquerorsdungeon\conquerorsdungeon\x64\release\scene.obj
c:\users\birb\source\repos\conquerorsdungeon\conquerorsdungeon\x64\release\savestate.obj
c:\users\birb\source\repos\conquerorsdungeon\conquerorsdungeon\x64\release\player.obj
c:\users\birb\source\repos\conquerorsdungeon\conquerorsdungeon\x64\release\picturebox.obj
c:\users\birb\source\repos\conquerorsdungeon\conquerorsdungeon\x64\release\physical.obj
c:\users\birb\source\repos\conquerorsdungeon\conquerorsdungeon\x64\release\melee.obj
c:\users\birb\source\repos\conquerorsdungeon\conquerorsdungeon\x64\release\maths.obj
c:\users\birb\source\repos\conquerorsdungeon\conquerorsdungeon\x64\release\main.obj
c:\users\birb\source\repos\conquerorsdungeon\conquerorsdungeon\x64\release\hpcrystal.obj
c:\users\birb\source\repos\conquerorsdungeon\conquerorsdungeon\x64\release\healthpot.obj
c:\users\birb\source\repos\conquerorsdungeon\conquerorsdungeon\x64\release\goblin.obj
c:\users\birb\source\repos\conquerorsdungeon\conquerorsdungeon\x64\release\game.obj
c:\users\birb\source\repos\conquerorsdungeon\conquerorsdungeon\x64\release\wizard.obj
c:\users\birb\source\repos\conquerorsdungeon\conquerorsdungeon\x64\release\warrior.obj
c:\users\birb\source\repos\conquerorsdungeon\conquerorsdungeon\x64\release\wall.obj
c:\users\birb\source\repos\conquerorsdungeon\conquerorsdungeon\x64\release\v2.obj
c:\users\birb\source\repos\conquerorsdungeon\conquerorsdungeon\x64\release\undead.obj
c:\users\birb\source\repos\conquerorsdungeon\conquerorsdungeon\x64\release\uielement.obj
c:\users\birb\source\repos\conquerorsdungeon\conquerorsdungeon\x64\release\timer.obj
c:\users\birb\source\repos\conquerorsdungeon\conquerorsdungeon\x64\release\textbox.obj
c:\users\birb\source\repos\conquerorsdungeon\conquerorsdungeon\x64\release\staticbody.obj
c:\users\birb\source\repos\conquerorsdungeon\conquerorsdungeon\x64\release\slime.obj
c:\users\birb\source\repos\conquerorsdungeon\conquerorsdungeon\x64\release\skeleton.obj
c:\users\birb\source\repos\conquerorsdungeon\conquerorsdungeon\x64\release\winstage.obj
c:\users\birb\source\repos\conquerorsdungeon\conquerorsdungeon\x64\release\testscene.obj
c:\users\birb\source\repos\conquerorsdungeon\x64\release\conquerorsdungeon.exe
c:\users\birb\source\repos\conquerorsdungeon\conquerorsdungeon\x64\release\conquerorsdungeon.ipdb
c:\users\birb\source\repos\conquerorsdungeon\conquerorsdungeon\x64\release\conquerorsdungeon.iobj
c:\users\birb\source\repos\conquerorsdungeon\x64\release\conquerorsdungeon.pdb
c:\users\birb\source\repos\conquerorsdungeon\conquerorsdungeon\x64\release\conquero.1b414bd1.tlog\cl.command.1.tlog
c:\users\birb\source\repos\conquerorsdungeon\conquerorsdungeon\x64\release\conquero.1b414bd1.tlog\cl.read.1.tlog
c:\users\birb\source\repos\conquerorsdungeon\conquerorsdungeon\x64\release\conquero.1b414bd1.tlog\cl.write.1.tlog
c:\users\birb\source\repos\conquerorsdungeon\conquerorsdungeon\x64\release\conquero.1b414bd1.tlog\link.command.1.tlog
c:\users\birb\source\repos\conquerorsdungeon\conquerorsdungeon\x64\release\conquero.1b414bd1.tlog\link.read.1.tlog
c:\users\birb\source\repos\conquerorsdungeon\conquerorsdungeon\x64\release\conquero.1b414bd1.tlog\link.write.1.tlog
